<?xml version="1.0" encoding="UTF-8"?>
<testsuite xmlns:xsi="http://www.w3.org/2001/XMLSchema-instance" xsi:noNamespaceSchemaLocation="https://maven.apache.org/surefire/maven-surefire-plugin/xsd/surefire-test-report-3.0.xsd" version="3.0" name="com.imperionite.inventorysystem.InventorySystemTest" time="0.074" tests="8" errors="0" skipped="0" failures="0">
  <properties>
[...]
</properties>
  <testcase name="testEngineNumberExists" classname="com.imperionite.inventorysystem.InventorySystemTest" time="0.041">
    <system-out><![CDATA[New stock added: Stock{dateEntered=2023-01-01, stockLabel='New', brand='Honda', engineNumber='12345', status='On-hand'}
]]></system-out>
  </testcase>
  <testcase name="testLoadExistingStocks" classname="com.imperionite.inventorysystem.InventorySystemTest" time="0.008"/>
  <testcase name="testAddNewStock" classname="com.imperionite.inventorysystem.InventorySystemTest" time="0.003">
    <system-out><![CDATA[New stock added: Stock{dateEntered=2023-01-01, stockLabel='New', brand='Honda', engineNumber='12345', status='On-hand'}
]]></system-out>
  </testcase>
  <testcase name="testParseDateValid" classname="com.imperionite.inventorysystem.InventorySystemTest" time="0.002"/>
  <testcase name="testAddDuplicateEngineNumber" classname="com.imperionite.inventorysystem.InventorySystemTest" time="0.002">
    <system-out><![CDATA[New stock added: Stock{dateEntered=2023-01-01, stockLabel='New', brand='Honda', engineNumber='12345', status='On-hand'}
Error: Duplicate engine number, stock cannot be added.
]]></system-out>
  </testcase>
  <testcase name="testShowAllStocks" classname="com.imperionite.inventorysystem.InventorySystemTest" time="0.003">
    <system-out><![CDATA[New stock added: Stock{dateEntered=2023-01-01, stockLabel='New', brand='Honda', engineNumber='12345', status='On-hand'}
New stock added: Stock{dateEntered=2023-01-01, stockLabel='Old', brand='Yamaha', engineNumber='67890', status='Sold'}
]]></system-out>
  </testcase>
  <testcase name="testParseDateInvalid" classname="com.imperionite.inventorysystem.InventorySystemTest" time="0.002"/>
  <testcase name="testSaveStockToCSV" classname="com.imperionite.inventorysystem.InventorySystemTest" time="0.004"/>
</testsuite>